alloca.out (list length = 100000):
0.55 real	0.38 user	0.14 sys	209672 memory (KB)
0.53 real	0.38 user	0.15 sys	209096 memory (KB)
0.55 real	0.38 user	0.16 sys	209700 memory (KB)
0.53 real	0.39 user	0.13 sys	209700 memory (KB)
0.55 real	0.39 user	0.14 sys	210288 memory (KB)
0.54 real	0.39 user	0.13 sys	209688 memory (KB)
0.55 real	0.39 user	0.14 sys	209672 memory (KB)
0.55 real	0.41 user	0.13 sys	209700 memory (KB)
0.53 real	0.39 user	0.13 sys	209700 memory (KB)
0.55 real	0.39 user	0.14 sys	209700 memory (KB)
 min: 0.530000  avg: 0.543000  max: 0.550000

list.out (list length = 100000):
0.53 real	0.41 user	0.10 sys	211984 memory (KB)
0.56 real	0.43 user	0.11 sys	211992 memory (KB)
0.53 real	0.41 user	0.12 sys	211428 memory (KB)
0.55 real	0.42 user	0.11 sys	211992 memory (KB)
0.54 real	0.40 user	0.12 sys	211996 memory (KB)
0.55 real	0.41 user	0.12 sys	212016 memory (KB)
0.54 real	0.41 user	0.12 sys	212004 memory (KB)
0.54 real	0.41 user	0.11 sys	211988 memory (KB)
0.54 real	0.41 user	0.11 sys	211988 memory (KB)
0.53 real	0.40 user	0.12 sys	211992 memory (KB)
 min: 0.530000  avg: 0.541000  max: 0.560000

malloc.out (list length = 100000):
0.53 real	0.39 user	0.12 sys	209112 memory (KB)
0.52 real	0.39 user	0.12 sys	209676 memory (KB)
0.53 real	0.40 user	0.11 sys	209700 memory (KB)
0.52 real	0.39 user	0.11 sys	209700 memory (KB)
0.54 real	0.39 user	0.12 sys	208548 memory (KB)
0.51 real	0.38 user	0.12 sys	210276 memory (KB)
0.52 real	0.39 user	0.12 sys	209684 memory (KB)
0.52 real	0.40 user	0.11 sys	209672 memory (KB)
0.53 real	0.40 user	0.11 sys	209112 memory (KB)
0.51 real	0.39 user	0.10 sys	209672 memory (KB)
 min: 0.510000  avg: 0.523000  max: 0.540000

new.out (list length = 100000):
0.55 real	0.40 user	0.13 sys	211400 memory (KB)
0.57 real	0.41 user	0.12 sys	212004 memory (KB)
0.45 real	0.34 user	0.10 sys	212572 memory (KB)
0.49 real	0.38 user	0.10 sys	212004 memory (KB)
0.50 real	0.38 user	0.11 sys	212004 memory (KB)
0.52 real	0.39 user	0.11 sys	212552 memory (KB)
0.51 real	0.39 user	0.12 sys	212004 memory (KB)
0.52 real	0.41 user	0.10 sys	212552 memory (KB)
0.51 real	0.40 user	0.11 sys	212580 memory (KB)
0.53 real	0.40 user	0.12 sys	211416 memory (KB)
 min: 0.450000  avg: 0.515000  max: 0.570000

